<?xml version="1.0" encoding="UTF-8"?>
<!-- Generated by org.testng.reporters.JUnitXMLReporter -->
<testsuite ignored="0" hostname="EPINHYDW0D51" failures="0" tests="3" name="TestSpeakerAddingViaAPI" time="17.506" errors="0" timestamp="2022-04-21T13:58:44 IST">
  <testcase classname="com.epam.TestAutomation.Final_Project.TestCases.TestSpeakerAddingFunctionalityViaAPI" name="testAddedSpeakerIsDisplayedinUI" time="4.013"/>
  <testcase classname="com.epam.TestAutomation.Final_Project.TestCases.TestSpeakerAddingFunctionalityViaAPI" name="testGetResponseOfAddedSpeakerByAPI" time="1.914"/>
  <testcase classname="com.epam.TestAutomation.Final_Project.TestCases.TestSpeakerAddingFunctionalityViaAPI" name="testSpeakerDetailsAddedReflectedInDataBase" time="0.239"/>
</testsuite> <!-- TestSpeakerAddingViaAPI -->
